C:\USERS\MALEAL\DOCUMENTS\WORKSPACE\WORKSPACE-OPENGL\MPU9250 OPENGL\3DGRAHIC\DEBUG\INT\MAIN.OBJ
C:\USERS\MALEAL\DOCUMENTS\WORKSPACE\WORKSPACE-OPENGL\MPU9250 OPENGL\3DGRAHIC\DEBUG\INT\VC110.PDB
C:\USERS\MALEAL\DOCUMENTS\WORKSPACE\WORKSPACE-OPENGL\MPU9250 OPENGL\3DGRAHIC\DEBUG\3DGRAHIC.ILK
C:\USERS\MALEAL\DOCUMENTS\WORKSPACE\WORKSPACE-OPENGL\MPU9250 OPENGL\3DGRAHIC\DEBUG\3DGRAHIC.EXE
C:\USERS\MALEAL\DOCUMENTS\WORKSPACE\WORKSPACE-OPENGL\MPU9250 OPENGL\3DGRAHIC\DEBUG\3DGRAHIC.PDB
C:\Users\maleal\Documents\WorkSpace\workspace-OpenGL\MPU9250 OpenGL\3DGrahic\Debug\Int\main.obj
C:\Users\maleal\Documents\WorkSpace\workspace-OpenGL\MPU9250 OpenGL\3DGrahic\Debug\Int\cl.command.1.tlog
C:\Users\maleal\Documents\WorkSpace\workspace-OpenGL\MPU9250 OpenGL\3DGrahic\Debug\Int\CL.read.1.tlog
C:\Users\maleal\Documents\WorkSpace\workspace-OpenGL\MPU9250 OpenGL\3DGrahic\Debug\Int\CL.write.1.tlog
C:\Users\maleal\Documents\WorkSpace\workspace-OpenGL\MPU9250 OpenGL\3DGrahic\Debug\Int\link-cvtres.read.1.tlog
C:\Users\maleal\Documents\WorkSpace\workspace-OpenGL\MPU9250 OpenGL\3DGrahic\Debug\Int\link-cvtres.write.1.tlog
C:\Users\maleal\Documents\WorkSpace\workspace-OpenGL\MPU9250 OpenGL\3DGrahic\Debug\Int\link-rc.read.1.tlog
C:\Users\maleal\Documents\WorkSpace\workspace-OpenGL\MPU9250 OpenGL\3DGrahic\Debug\Int\link-rc.write.1.tlog
C:\Users\maleal\Documents\WorkSpace\workspace-OpenGL\MPU9250 OpenGL\3DGrahic\Debug\Int\link.10340-cvtres.read.1.tlog
C:\Users\maleal\Documents\WorkSpace\workspace-OpenGL\MPU9250 OpenGL\3DGrahic\Debug\Int\link.10340-cvtres.write.1.tlog
C:\Users\maleal\Documents\WorkSpace\workspace-OpenGL\MPU9250 OpenGL\3DGrahic\Debug\Int\link.10340-rc.read.1.tlog
C:\Users\maleal\Documents\WorkSpace\workspace-OpenGL\MPU9250 OpenGL\3DGrahic\Debug\Int\link.10340-rc.write.1.tlog
C:\Users\maleal\Documents\WorkSpace\workspace-OpenGL\MPU9250 OpenGL\3DGrahic\Debug\Int\link.10340.read.1.tlog
C:\Users\maleal\Documents\WorkSpace\workspace-OpenGL\MPU9250 OpenGL\3DGrahic\Debug\Int\link.10340.write.1.tlog
C:\Users\maleal\Documents\WorkSpace\workspace-OpenGL\MPU9250 OpenGL\3DGrahic\Debug\Int\link.10568-cvtres.read.1.tlog
C:\Users\maleal\Documents\WorkSpace\workspace-OpenGL\MPU9250 OpenGL\3DGrahic\Debug\Int\link.10568-cvtres.write.1.tlog
C:\Users\maleal\Documents\WorkSpace\workspace-OpenGL\MPU9250 OpenGL\3DGrahic\Debug\Int\link.10568-rc.read.1.tlog
C:\Users\maleal\Documents\WorkSpace\workspace-OpenGL\MPU9250 OpenGL\3DGrahic\Debug\Int\link.10568-rc.write.1.tlog
C:\Users\maleal\Documents\WorkSpace\workspace-OpenGL\MPU9250 OpenGL\3DGrahic\Debug\Int\link.10568.read.1.tlog
C:\Users\maleal\Documents\WorkSpace\workspace-OpenGL\MPU9250 OpenGL\3DGrahic\Debug\Int\link.10568.write.1.tlog
C:\Users\maleal\Documents\WorkSpace\workspace-OpenGL\MPU9250 OpenGL\3DGrahic\Debug\Int\link.12240-cvtres.read.1.tlog
C:\Users\maleal\Documents\WorkSpace\workspace-OpenGL\MPU9250 OpenGL\3DGrahic\Debug\Int\link.12240-cvtres.write.1.tlog
C:\Users\maleal\Documents\WorkSpace\workspace-OpenGL\MPU9250 OpenGL\3DGrahic\Debug\Int\link.12240-rc.read.1.tlog
C:\Users\maleal\Documents\WorkSpace\workspace-OpenGL\MPU9250 OpenGL\3DGrahic\Debug\Int\link.12240-rc.write.1.tlog
C:\Users\maleal\Documents\WorkSpace\workspace-OpenGL\MPU9250 OpenGL\3DGrahic\Debug\Int\link.12240.read.1.tlog
C:\Users\maleal\Documents\WorkSpace\workspace-OpenGL\MPU9250 OpenGL\3DGrahic\Debug\Int\link.12240.write.1.tlog
C:\Users\maleal\Documents\WorkSpace\workspace-OpenGL\MPU9250 OpenGL\3DGrahic\Debug\Int\link.12296-cvtres.read.1.tlog
C:\Users\maleal\Documents\WorkSpace\workspace-OpenGL\MPU9250 OpenGL\3DGrahic\Debug\Int\link.12296-cvtres.write.1.tlog
C:\Users\maleal\Documents\WorkSpace\workspace-OpenGL\MPU9250 OpenGL\3DGrahic\Debug\Int\link.12296-rc.read.1.tlog
C:\Users\maleal\Documents\WorkSpace\workspace-OpenGL\MPU9250 OpenGL\3DGrahic\Debug\Int\link.12296-rc.write.1.tlog
C:\Users\maleal\Documents\WorkSpace\workspace-OpenGL\MPU9250 OpenGL\3DGrahic\Debug\Int\link.12296.read.1.tlog
C:\Users\maleal\Documents\WorkSpace\workspace-OpenGL\MPU9250 OpenGL\3DGrahic\Debug\Int\link.12296.write.1.tlog
C:\Users\maleal\Documents\WorkSpace\workspace-OpenGL\MPU9250 OpenGL\3DGrahic\Debug\Int\link.12460-cvtres.read.1.tlog
C:\Users\maleal\Documents\WorkSpace\workspace-OpenGL\MPU9250 OpenGL\3DGrahic\Debug\Int\link.12460-cvtres.write.1.tlog
C:\Users\maleal\Documents\WorkSpace\workspace-OpenGL\MPU9250 OpenGL\3DGrahic\Debug\Int\link.12460-rc.read.1.tlog
C:\Users\maleal\Documents\WorkSpace\workspace-OpenGL\MPU9250 OpenGL\3DGrahic\Debug\Int\link.12460-rc.write.1.tlog
C:\Users\maleal\Documents\WorkSpace\workspace-OpenGL\MPU9250 OpenGL\3DGrahic\Debug\Int\link.12460.read.1.tlog
C:\Users\maleal\Documents\WorkSpace\workspace-OpenGL\MPU9250 OpenGL\3DGrahic\Debug\Int\link.12460.write.1.tlog
C:\Users\maleal\Documents\WorkSpace\workspace-OpenGL\MPU9250 OpenGL\3DGrahic\Debug\Int\link.1260.read.1.tlog
C:\Users\maleal\Documents\WorkSpace\workspace-OpenGL\MPU9250 OpenGL\3DGrahic\Debug\Int\link.1260.write.1.tlog
C:\Users\maleal\Documents\WorkSpace\workspace-OpenGL\MPU9250 OpenGL\3DGrahic\Debug\Int\link.13136-cvtres.read.1.tlog
C:\Users\maleal\Documents\WorkSpace\workspace-OpenGL\MPU9250 OpenGL\3DGrahic\Debug\Int\link.13136-cvtres.write.1.tlog
C:\Users\maleal\Documents\WorkSpace\workspace-OpenGL\MPU9250 OpenGL\3DGrahic\Debug\Int\link.13136-rc.read.1.tlog
C:\Users\maleal\Documents\WorkSpace\workspace-OpenGL\MPU9250 OpenGL\3DGrahic\Debug\Int\link.13136-rc.write.1.tlog
C:\Users\maleal\Documents\WorkSpace\workspace-OpenGL\MPU9250 OpenGL\3DGrahic\Debug\Int\link.13136.read.1.tlog
C:\Users\maleal\Documents\WorkSpace\workspace-OpenGL\MPU9250 OpenGL\3DGrahic\Debug\Int\link.13136.write.1.tlog
C:\Users\maleal\Documents\WorkSpace\workspace-OpenGL\MPU9250 OpenGL\3DGrahic\Debug\Int\link.13644-cvtres.read.1.tlog
C:\Users\maleal\Documents\WorkSpace\workspace-OpenGL\MPU9250 OpenGL\3DGrahic\Debug\Int\link.13644-cvtres.write.1.tlog
C:\Users\maleal\Documents\WorkSpace\workspace-OpenGL\MPU9250 OpenGL\3DGrahic\Debug\Int\link.13644-rc.read.1.tlog
C:\Users\maleal\Documents\WorkSpace\workspace-OpenGL\MPU9250 OpenGL\3DGrahic\Debug\Int\link.13644-rc.write.1.tlog
C:\Users\maleal\Documents\WorkSpace\workspace-OpenGL\MPU9250 OpenGL\3DGrahic\Debug\Int\link.13644.read.1.tlog
C:\Users\maleal\Documents\WorkSpace\workspace-OpenGL\MPU9250 OpenGL\3DGrahic\Debug\Int\link.13644.write.1.tlog
C:\Users\maleal\Documents\WorkSpace\workspace-OpenGL\MPU9250 OpenGL\3DGrahic\Debug\Int\link.1720-cvtres.read.1.tlog
C:\Users\maleal\Documents\WorkSpace\workspace-OpenGL\MPU9250 OpenGL\3DGrahic\Debug\Int\link.1720-cvtres.write.1.tlog
C:\Users\maleal\Documents\WorkSpace\workspace-OpenGL\MPU9250 OpenGL\3DGrahic\Debug\Int\link.1720-rc.read.1.tlog
C:\Users\maleal\Documents\WorkSpace\workspace-OpenGL\MPU9250 OpenGL\3DGrahic\Debug\Int\link.1720-rc.write.1.tlog
C:\Users\maleal\Documents\WorkSpace\workspace-OpenGL\MPU9250 OpenGL\3DGrahic\Debug\Int\link.1720.read.1.tlog
C:\Users\maleal\Documents\WorkSpace\workspace-OpenGL\MPU9250 OpenGL\3DGrahic\Debug\Int\link.1720.write.1.tlog
C:\Users\maleal\Documents\WorkSpace\workspace-OpenGL\MPU9250 OpenGL\3DGrahic\Debug\Int\link.3080-cvtres.read.1.tlog
C:\Users\maleal\Documents\WorkSpace\workspace-OpenGL\MPU9250 OpenGL\3DGrahic\Debug\Int\link.3080-cvtres.write.1.tlog
C:\Users\maleal\Documents\WorkSpace\workspace-OpenGL\MPU9250 OpenGL\3DGrahic\Debug\Int\link.3080-rc.read.1.tlog
C:\Users\maleal\Documents\WorkSpace\workspace-OpenGL\MPU9250 OpenGL\3DGrahic\Debug\Int\link.3080-rc.write.1.tlog
C:\Users\maleal\Documents\WorkSpace\workspace-OpenGL\MPU9250 OpenGL\3DGrahic\Debug\Int\link.3080.read.1.tlog
C:\Users\maleal\Documents\WorkSpace\workspace-OpenGL\MPU9250 OpenGL\3DGrahic\Debug\Int\link.3080.write.1.tlog
C:\Users\maleal\Documents\WorkSpace\workspace-OpenGL\MPU9250 OpenGL\3DGrahic\Debug\Int\link.8880-cvtres.read.1.tlog
C:\Users\maleal\Documents\WorkSpace\workspace-OpenGL\MPU9250 OpenGL\3DGrahic\Debug\Int\link.8880-cvtres.write.1.tlog
C:\Users\maleal\Documents\WorkSpace\workspace-OpenGL\MPU9250 OpenGL\3DGrahic\Debug\Int\link.8880-rc.read.1.tlog
C:\Users\maleal\Documents\WorkSpace\workspace-OpenGL\MPU9250 OpenGL\3DGrahic\Debug\Int\link.8880-rc.write.1.tlog
C:\Users\maleal\Documents\WorkSpace\workspace-OpenGL\MPU9250 OpenGL\3DGrahic\Debug\Int\link.8880.read.1.tlog
C:\Users\maleal\Documents\WorkSpace\workspace-OpenGL\MPU9250 OpenGL\3DGrahic\Debug\Int\link.8880.write.1.tlog
C:\Users\maleal\Documents\WorkSpace\workspace-OpenGL\MPU9250 OpenGL\3DGrahic\Debug\Int\link.9660-cvtres.read.1.tlog
C:\Users\maleal\Documents\WorkSpace\workspace-OpenGL\MPU9250 OpenGL\3DGrahic\Debug\Int\link.9660-cvtres.write.1.tlog
C:\Users\maleal\Documents\WorkSpace\workspace-OpenGL\MPU9250 OpenGL\3DGrahic\Debug\Int\link.9660-rc.read.1.tlog
C:\Users\maleal\Documents\WorkSpace\workspace-OpenGL\MPU9250 OpenGL\3DGrahic\Debug\Int\link.9660-rc.write.1.tlog
C:\Users\maleal\Documents\WorkSpace\workspace-OpenGL\MPU9250 OpenGL\3DGrahic\Debug\Int\link.9660.read.1.tlog
C:\Users\maleal\Documents\WorkSpace\workspace-OpenGL\MPU9250 OpenGL\3DGrahic\Debug\Int\link.9660.write.1.tlog
C:\Users\maleal\Documents\WorkSpace\workspace-OpenGL\MPU9250 OpenGL\3DGrahic\Debug\Int\link.9920-cvtres.read.1.tlog
C:\Users\maleal\Documents\WorkSpace\workspace-OpenGL\MPU9250 OpenGL\3DGrahic\Debug\Int\link.9920-cvtres.write.1.tlog
C:\Users\maleal\Documents\WorkSpace\workspace-OpenGL\MPU9250 OpenGL\3DGrahic\Debug\Int\link.9920-rc.read.1.tlog
C:\Users\maleal\Documents\WorkSpace\workspace-OpenGL\MPU9250 OpenGL\3DGrahic\Debug\Int\link.9920-rc.write.1.tlog
C:\Users\maleal\Documents\WorkSpace\workspace-OpenGL\MPU9250 OpenGL\3DGrahic\Debug\Int\link.9920.read.1.tlog
C:\Users\maleal\Documents\WorkSpace\workspace-OpenGL\MPU9250 OpenGL\3DGrahic\Debug\Int\link.9920.write.1.tlog
C:\Users\maleal\Documents\WorkSpace\workspace-OpenGL\MPU9250 OpenGL\3DGrahic\Debug\Int\link.command.1.tlog
C:\Users\maleal\Documents\WorkSpace\workspace-OpenGL\MPU9250 OpenGL\3DGrahic\Debug\Int\link.read.1.tlog
C:\Users\maleal\Documents\WorkSpace\workspace-OpenGL\MPU9250 OpenGL\3DGrahic\Debug\Int\link.write.1.tlog
C:\Users\maleal\Documents\WorkSpace\workspace-OpenGL\MPU9250 OpenGL\3DGrahic\Debug\Int\vc110.idb
C:\Users\maleal\Documents\WorkSpace\workspace-OpenGL\MPU9250 OpenGL\3DGrahic\Debug\Int\vc110.pdb
C:\Users\maleal\Documents\WorkSpace\workspace-OpenGL\MPU9250 OpenGL\3DGrahic\Debug\3DGrahic.pdb
C:\Users\maleal\Documents\WorkSpace\workspace-OpenGL\MPU9250 OpenGL\3DGrahic\Debug\3DGrahic.exe
C:\Users\maleal\Documents\WorkSpace\workspace-OpenGL\MPU9250 OpenGL\3DGrahic\Debug\3DGrahic.ilk
