C:\USERS\MALEAL\DOCUMENTS\WORKSPACE\WORKSPACE-OPENGL\MPU9250 OPENGL\3DGRAHIC\DEBUG\INT\MAIN.OBJ
C:\USERS\MALEAL\DOCUMENTS\WORKSPACE\WORKSPACE-OPENGL\MPU9250 OPENGL\3DGRAHIC\DEBUG\INT\VC110.PDB
C:\USERS\MALEAL\DOCUMENTS\WORKSPACE\WORKSPACE-OPENGL\MPU9250 OPENGL\3DGRAHIC\DEBUG\3DGRAPHICCUBE.ILK
C:\USERS\MALEAL\DOCUMENTS\WORKSPACE\WORKSPACE-OPENGL\MPU9250 OPENGL\3DGRAHIC\DEBUG\3DGRAPHICCUBE.EXE
C:\USERS\MALEAL\DOCUMENTS\WORKSPACE\WORKSPACE-OPENGL\MPU9250 OPENGL\3DGRAHIC\DEBUG\3DGRAPHICCUBE.PDB
C:\Users\maleal\Documents\WorkSpace\workspace-OpenGL\MPU9250 OpenGL\3DGrahic\Debug\Int\main.obj
C:\Users\maleal\Documents\WorkSpace\workspace-OpenGL\MPU9250 OpenGL\3DGrahic\Debug\Int\cl.command.1.tlog
C:\Users\maleal\Documents\WorkSpace\workspace-OpenGL\MPU9250 OpenGL\3DGrahic\Debug\Int\CL.read.1.tlog
C:\Users\maleal\Documents\WorkSpace\workspace-OpenGL\MPU9250 OpenGL\3DGrahic\Debug\Int\CL.write.1.tlog
C:\Users\maleal\Documents\WorkSpace\workspace-OpenGL\MPU9250 OpenGL\3DGrahic\Debug\Int\link-cvtres.read.1.tlog
C:\Users\maleal\Documents\WorkSpace\workspace-OpenGL\MPU9250 OpenGL\3DGrahic\Debug\Int\link-cvtres.write.1.tlog
C:\Users\maleal\Documents\WorkSpace\workspace-OpenGL\MPU9250 OpenGL\3DGrahic\Debug\Int\link-rc.read.1.tlog
C:\Users\maleal\Documents\WorkSpace\workspace-OpenGL\MPU9250 OpenGL\3DGrahic\Debug\Int\link-rc.write.1.tlog
C:\Users\maleal\Documents\WorkSpace\workspace-OpenGL\MPU9250 OpenGL\3DGrahic\Debug\Int\link.command.1.tlog
C:\Users\maleal\Documents\WorkSpace\workspace-OpenGL\MPU9250 OpenGL\3DGrahic\Debug\Int\link.read.1.tlog
C:\Users\maleal\Documents\WorkSpace\workspace-OpenGL\MPU9250 OpenGL\3DGrahic\Debug\Int\link.write.1.tlog
C:\Users\maleal\Documents\WorkSpace\workspace-OpenGL\MPU9250 OpenGL\3DGrahic\Debug\Int\vc110.idb
C:\Users\maleal\Documents\WorkSpace\workspace-OpenGL\MPU9250 OpenGL\3DGrahic\Debug\Int\vc110.pdb
C:\Users\maleal\Documents\WorkSpace\workspace-OpenGL\MPU9250 OpenGL\3DGrahic\Debug\3DGraphicCube.pdb
C:\Users\maleal\Documents\WorkSpace\workspace-OpenGL\MPU9250 OpenGL\3DGrahic\Debug\3DGraphicCube.exe
C:\Users\maleal\Documents\WorkSpace\workspace-OpenGL\MPU9250 OpenGL\3DGrahic\Debug\3DGraphicCube.ilk
