C:\USERS\MALEAL\DOCUMENTS\WORKSPACE\WORKSPACE-OPENGL\MPU9250 OPENGL\3DGRAPHICANDCAMERAVIEWER\DEBUG\INTER\MAIN.OBJ
C:\USERS\MALEAL\DOCUMENTS\WORKSPACE\WORKSPACE-OPENGL\MPU9250 OPENGL\3DGRAPHICANDCAMERAVIEWER\DEBUG\INTER\VC110.PDB
C:\USERS\MALEAL\DOCUMENTS\WORKSPACE\WORKSPACE-OPENGL\MPU9250 OPENGL\3DGRAPHICANDCAMERAVIEWER\DEBUG\3DGRAPHICANDCAMERAVIEWER.ILK
C:\USERS\MALEAL\DOCUMENTS\WORKSPACE\WORKSPACE-OPENGL\MPU9250 OPENGL\3DGRAPHICANDCAMERAVIEWER\DEBUG\3DGRAPHICANDCAMERAVIEWER.EXE
C:\USERS\MALEAL\DOCUMENTS\WORKSPACE\WORKSPACE-OPENGL\MPU9250 OPENGL\3DGRAPHICANDCAMERAVIEWER\DEBUG\3DGRAPHICANDCAMERAVIEWER.PDB
C:\Users\maleal\Documents\WorkSpace\workspace-OpenGL\MPU9250 OpenGL\3DGraphicAndCameraViewer\Debug\Inter\main.obj
C:\Users\maleal\Documents\WorkSpace\workspace-OpenGL\MPU9250 OpenGL\3DGraphicAndCameraViewer\Debug\Inter\cl.command.1.tlog
C:\Users\maleal\Documents\WorkSpace\workspace-OpenGL\MPU9250 OpenGL\3DGraphicAndCameraViewer\Debug\Inter\CL.read.1.tlog
C:\Users\maleal\Documents\WorkSpace\workspace-OpenGL\MPU9250 OpenGL\3DGraphicAndCameraViewer\Debug\Inter\CL.write.1.tlog
C:\Users\maleal\Documents\WorkSpace\workspace-OpenGL\MPU9250 OpenGL\3DGraphicAndCameraViewer\Debug\Inter\link-cvtres.read.1.tlog
C:\Users\maleal\Documents\WorkSpace\workspace-OpenGL\MPU9250 OpenGL\3DGraphicAndCameraViewer\Debug\Inter\link-cvtres.write.1.tlog
C:\Users\maleal\Documents\WorkSpace\workspace-OpenGL\MPU9250 OpenGL\3DGraphicAndCameraViewer\Debug\Inter\link-rc.read.1.tlog
C:\Users\maleal\Documents\WorkSpace\workspace-OpenGL\MPU9250 OpenGL\3DGraphicAndCameraViewer\Debug\Inter\link-rc.write.1.tlog
C:\Users\maleal\Documents\WorkSpace\workspace-OpenGL\MPU9250 OpenGL\3DGraphicAndCameraViewer\Debug\Inter\link.1212-cvtres.read.1.tlog
C:\Users\maleal\Documents\WorkSpace\workspace-OpenGL\MPU9250 OpenGL\3DGraphicAndCameraViewer\Debug\Inter\link.1212-cvtres.write.1.tlog
C:\Users\maleal\Documents\WorkSpace\workspace-OpenGL\MPU9250 OpenGL\3DGraphicAndCameraViewer\Debug\Inter\link.1212-rc.read.1.tlog
C:\Users\maleal\Documents\WorkSpace\workspace-OpenGL\MPU9250 OpenGL\3DGraphicAndCameraViewer\Debug\Inter\link.1212-rc.write.1.tlog
C:\Users\maleal\Documents\WorkSpace\workspace-OpenGL\MPU9250 OpenGL\3DGraphicAndCameraViewer\Debug\Inter\link.1212.read.1.tlog
C:\Users\maleal\Documents\WorkSpace\workspace-OpenGL\MPU9250 OpenGL\3DGraphicAndCameraViewer\Debug\Inter\link.1212.write.1.tlog
C:\Users\maleal\Documents\WorkSpace\workspace-OpenGL\MPU9250 OpenGL\3DGraphicAndCameraViewer\Debug\Inter\link.4268-cvtres.read.1.tlog
C:\Users\maleal\Documents\WorkSpace\workspace-OpenGL\MPU9250 OpenGL\3DGraphicAndCameraViewer\Debug\Inter\link.4268-cvtres.write.1.tlog
C:\Users\maleal\Documents\WorkSpace\workspace-OpenGL\MPU9250 OpenGL\3DGraphicAndCameraViewer\Debug\Inter\link.4268-rc.read.1.tlog
C:\Users\maleal\Documents\WorkSpace\workspace-OpenGL\MPU9250 OpenGL\3DGraphicAndCameraViewer\Debug\Inter\link.4268-rc.write.1.tlog
C:\Users\maleal\Documents\WorkSpace\workspace-OpenGL\MPU9250 OpenGL\3DGraphicAndCameraViewer\Debug\Inter\link.4268.read.1.tlog
C:\Users\maleal\Documents\WorkSpace\workspace-OpenGL\MPU9250 OpenGL\3DGraphicAndCameraViewer\Debug\Inter\link.4268.write.1.tlog
C:\Users\maleal\Documents\WorkSpace\workspace-OpenGL\MPU9250 OpenGL\3DGraphicAndCameraViewer\Debug\Inter\link.9856-cvtres.read.1.tlog
C:\Users\maleal\Documents\WorkSpace\workspace-OpenGL\MPU9250 OpenGL\3DGraphicAndCameraViewer\Debug\Inter\link.9856-cvtres.write.1.tlog
C:\Users\maleal\Documents\WorkSpace\workspace-OpenGL\MPU9250 OpenGL\3DGraphicAndCameraViewer\Debug\Inter\link.9856-rc.read.1.tlog
C:\Users\maleal\Documents\WorkSpace\workspace-OpenGL\MPU9250 OpenGL\3DGraphicAndCameraViewer\Debug\Inter\link.9856-rc.write.1.tlog
C:\Users\maleal\Documents\WorkSpace\workspace-OpenGL\MPU9250 OpenGL\3DGraphicAndCameraViewer\Debug\Inter\link.9856.read.1.tlog
C:\Users\maleal\Documents\WorkSpace\workspace-OpenGL\MPU9250 OpenGL\3DGraphicAndCameraViewer\Debug\Inter\link.9856.write.1.tlog
C:\Users\maleal\Documents\WorkSpace\workspace-OpenGL\MPU9250 OpenGL\3DGraphicAndCameraViewer\Debug\Inter\link.command.1.tlog
C:\Users\maleal\Documents\WorkSpace\workspace-OpenGL\MPU9250 OpenGL\3DGraphicAndCameraViewer\Debug\Inter\link.read.1.tlog
C:\Users\maleal\Documents\WorkSpace\workspace-OpenGL\MPU9250 OpenGL\3DGraphicAndCameraViewer\Debug\Inter\link.write.1.tlog
C:\Users\maleal\Documents\WorkSpace\workspace-OpenGL\MPU9250 OpenGL\3DGraphicAndCameraViewer\Debug\Inter\vc110.idb
C:\Users\maleal\Documents\WorkSpace\workspace-OpenGL\MPU9250 OpenGL\3DGraphicAndCameraViewer\Debug\Inter\vc110.pdb
C:\Users\maleal\Documents\WorkSpace\workspace-OpenGL\MPU9250 OpenGL\3DGraphicAndCameraViewer\Debug\3DGraphicAndCameraViewer.pdb
C:\Users\maleal\Documents\WorkSpace\workspace-OpenGL\MPU9250 OpenGL\3DGraphicAndCameraViewer\Debug\3DGraphicAndCameraViewer.exe
C:\Users\maleal\Documents\WorkSpace\workspace-OpenGL\MPU9250 OpenGL\3DGraphicAndCameraViewer\Debug\3DGraphicAndCameraViewer.ilk
